<?xml version="1.0" encoding="UTF-8"?>
<!-- Generated by org.testng.reporters.JUnitXMLReporter -->
<testsuite ignored="0" hostname="SuPat-MI-SAG" failures="1" tests="2" name="Login Page Test" time="103.671" errors="0" timestamp="2026-04-24T16:29:59 IST">
  <testcase classname="com.dap.qa.testcase.CaseCreationTest" name="casestest" time="36.556"/>
  <testcase classname="com.dap.qa.testcase.CaseCreationTest" name="casestest" time="23.073">
    <failure type="org.openqa.selenium.NoSuchElementException" message="Cannot locate option with text: dfgbndfgbfd
For documentation on this error, please visit: https://www.selenium.dev/documentation/webdriver/troubleshooting/errors#nosuchelementexception
Build info: version: &amp;apos;4.40.0&amp;apos;, revision: &amp;apos;b3333f1&amp;apos;
System info: os.name: &amp;apos;Windows 10&amp;apos;, os.arch: &amp;apos;amd64&amp;apos;, os.version: &amp;apos;10.0&amp;apos;, java.version: &amp;apos;17.0.1&amp;apos;
Driver info: driver.version: unknown">
      <![CDATA[org.openqa.selenium.NoSuchElementException: Cannot locate option with text: dfgbndfgbfd
For documentation on this error, please visit: https://www.selenium.dev/documentation/webdriver/troubleshooting/errors#nosuchelementexception
Build info: version: '4.40.0', revision: 'b3333f1'
System info: os.name: 'Windows 10', os.arch: 'amd64', os.version: '10.0', java.version: '17.0.1'
Driver info: driver.version: unknown
at org.openqa.selenium.support.ui.Select.selectByVisibleText(Select.java:400)
at org.openqa.selenium.support.ui.Select.selectByVisibleText(Select.java:128)
at com.dap.qa.utils.ActionUtilities.dropdownselect(ActionUtilities.java:61)
at com.dap.qa.page.CasesPage.casespage(CasesPage.java:172)
at com.dap.qa.testcase.CaseCreationTest.casestest(CaseCreationTest.java:53)
at java.base/java.util.ArrayList.forEach(ArrayList.java:1511)
... Removed 27 stack frames]]>
    </failure>
  </testcase> <!-- casestest -->
</testsuite> <!-- Login Page Test -->
