<?xml version="1.0" encoding="UTF-8"?>
<testng-results ignored="0" total="2" passed="2" failed="0" skipped="0">
  <reporter-output>
  </reporter-output>
  <suite started-at="2026-05-08T15:13:33 IST" name="DAP Automation Suite" finished-at="2026-05-08T15:15:01 IST" duration-ms="88474">
    <groups>
    </groups>
    <test started-at="2026-05-08T15:13:33 IST" name="Login Page Test" finished-at="2026-05-08T15:15:01 IST" duration-ms="88474">
      <class name="com.dap.qa.testcase.CaseCreationTest">
        <test-method is-config="true" signature="setUp()[pri:0, instance:com.dap.qa.testcase.CaseCreationTest@40cb698e]" started-at="2026-05-08T15:13:34 IST" name="setUp" finished-at="2026-05-08T15:13:39 IST" duration-ms="4447" status="PASS">
          <reporter-output>
          </reporter-output>
        </test-method> <!-- setUp -->
        <test-method signature="casestest(java.lang.String,java.lang.String,java.lang.String,java.lang.String,java.lang.String,java.lang.String,java.lang.String,java.lang.String,java.lang.String)[pri:0, instance:com.dap.qa.testcase.CaseCreationTest@40cb698e]" started-at="2026-05-08T15:13:39 IST" name="casestest" data-provider="CaseData" finished-at="2026-05-08T15:14:15 IST" duration-ms="36510" status="PASS">
          <params>
            <param index="0">
              <value>
                <![CDATA[TC_01]]>
              </value>
            </param>
            <param index="1">
              <value>
                <![CDATA[HDFC Cloud Migration - Track 2]]>
              </value>
            </param>
            <param index="2">
              <value>
                <![CDATA[Track 2.3]]>
              </value>
            </param>
            <param index="3">
              <value>
                <![CDATA[CUSTOMERNEXT]]>
              </value>
            </param>
            <param index="4">
              <value>
                <![CDATA[HDFC Bank Limited]]>
              </value>
            </param>
            <param index="5">
              <value>
                <![CDATA[Sumit Patil]]>
              </value>
            </param>
            <param index="6">
              <value>
                <![CDATA[Configuration Bug]]>
              </value>
            </param>
            <param index="7">
              <value>
                <![CDATA[Public IP2]]>
              </value>
            </param>
            <param index="8">
              <value>
                <![CDATA[Fail]]>
              </value>
            </param>
          </params>
          <reporter-output>
          </reporter-output>
        </test-method> <!-- casestest -->
        <test-method is-config="true" signature="teardown()[pri:0, instance:com.dap.qa.testcase.CaseCreationTest@40cb698e]" started-at="2026-05-08T15:14:16 IST" name="teardown" finished-at="2026-05-08T15:14:16 IST" duration-ms="454" status="PASS">
          <reporter-output>
          </reporter-output>
        </test-method> <!-- teardown -->
        <test-method is-config="true" signature="updateResult(org.testng.ITestResult)[pri:0, instance:com.dap.qa.testcase.CaseCreationTest@40cb698e]" started-at="2026-05-08T15:14:16 IST" name="updateResult" finished-at="2026-05-08T15:14:16 IST" duration-ms="75" status="PASS">
          <params>
            <param index="0">
              <value>
                <![CDATA[[TestResult name=casestest status=SUCCESS method=CaseCreationTest.casestest(java.lang.String,java.lang.String,java.lang.String,java.lang.String,java.lang.String,java.lang.String,java.lang.String,java.lang.String,java.lang.String)[pri:0, instance:com.dap.qa.testcase.CaseCreationTest@40cb698e] output={null}]]]>
              </value>
            </param>
          </params>
          <reporter-output>
          </reporter-output>
        </test-method> <!-- updateResult -->
        <test-method is-config="true" signature="setUp()[pri:0, instance:com.dap.qa.testcase.CaseCreationTest@40cb698e]" started-at="2026-05-08T15:14:16 IST" name="setUp" finished-at="2026-05-08T15:14:19 IST" duration-ms="3119" status="PASS">
          <reporter-output>
          </reporter-output>
        </test-method> <!-- setUp -->
        <test-method signature="casestest(java.lang.String,java.lang.String,java.lang.String,java.lang.String,java.lang.String,java.lang.String,java.lang.String,java.lang.String,java.lang.String)[pri:0, instance:com.dap.qa.testcase.CaseCreationTest@40cb698e]" started-at="2026-05-08T15:14:19 IST" name="casestest" data-provider="CaseData" finished-at="2026-05-08T15:14:59 IST" duration-ms="39524" status="PASS">
          <params>
            <param index="0">
              <value>
                <![CDATA[TC_02]]>
              </value>
            </param>
            <param index="1">
              <value>
                <![CDATA[HDFC Cloud Migration - Track 2]]>
              </value>
            </param>
            <param index="2">
              <value>
                <![CDATA[Track 2.3]]>
              </value>
            </param>
            <param index="3">
              <value>
                <![CDATA[CUSTOMERNEXT]]>
              </value>
            </param>
            <param index="4">
              <value>
                <![CDATA[HDFC Bank Limited]]>
              </value>
            </param>
            <param index="5">
              <value>
                <![CDATA[Sumit Patil]]>
              </value>
            </param>
            <param index="6">
              <value>
                <![CDATA[Configuration Bug]]>
              </value>
            </param>
            <param index="7">
              <value>
                <![CDATA[Public IP2]]>
              </value>
            </param>
            <param index="8">
              <value>
                <![CDATA[Fail]]>
              </value>
            </param>
          </params>
          <reporter-output>
          </reporter-output>
        </test-method> <!-- casestest -->
        <test-method is-config="true" signature="teardown()[pri:0, instance:com.dap.qa.testcase.CaseCreationTest@40cb698e]" started-at="2026-05-08T15:14:59 IST" name="teardown" finished-at="2026-05-08T15:15:01 IST" duration-ms="2149" status="PASS">
          <reporter-output>
          </reporter-output>
        </test-method> <!-- teardown -->
        <test-method is-config="true" signature="updateResult(org.testng.ITestResult)[pri:0, instance:com.dap.qa.testcase.CaseCreationTest@40cb698e]" started-at="2026-05-08T15:15:01 IST" name="updateResult" finished-at="2026-05-08T15:15:01 IST" duration-ms="48" status="PASS">
          <params>
            <param index="0">
              <value>
                <![CDATA[[TestResult name=casestest status=SUCCESS method=CaseCreationTest.casestest(java.lang.String,java.lang.String,java.lang.String,java.lang.String,java.lang.String,java.lang.String,java.lang.String,java.lang.String,java.lang.String)[pri:0, instance:com.dap.qa.testcase.CaseCreationTest@40cb698e] output={null}]]]>
              </value>
            </param>
          </params>
          <reporter-output>
          </reporter-output>
        </test-method> <!-- updateResult -->
      </class> <!-- com.dap.qa.testcase.CaseCreationTest -->
    </test> <!-- Login Page Test -->
  </suite> <!-- DAP Automation Suite -->
</testng-results>
