<?xml version="1.0" encoding="UTF-8"?>
<!-- Generated by org.testng.reporters.JUnitReportReporter -->
<testsuite hostname="SumitPatil" failures="0" tests="2" name="com.dap.qa.testcase.CaseCreation" time="21.065" errors="0" timestamp="2026-02-02T15:52:40 IST" skipped="0">
  <testcase classname="com.dap.qa.testcase.CaseCreation" name="loginpagetest" time="9.855"/>
  <testcase classname="com.dap.qa.testcase.CaseCreation" name="summarypagetest" time="11.210"/>
</testsuite> <!-- com.dap.qa.testcase.CaseCreation -->
