<?xml version="1.0" encoding="UTF-8"?>
<!-- Generated by org.testng.reporters.JUnitReportReporter -->
<testsuite hostname="SuPat-MI-SAG" failures="0" tests="2" name="com.dap.qa.testcase.CaseCreationTest" time="86.326" errors="0" timestamp="2026-05-08T15:15:02 IST" skipped="0">
  <testcase classname="com.dap.qa.testcase.CaseCreationTest" name="casestest" time="46.195"/>
  <testcase classname="com.dap.qa.testcase.CaseCreationTest" name="casestest" time="40.131"/>
</testsuite> <!-- com.dap.qa.testcase.CaseCreationTest -->
